<?xml version="1.0"?>
<!DOCTYPE coverage SYSTEM "http://cobertura.sourceforge.net/xml/coverage-04.dtd">

<coverage line-rate="0.9553072625698324" branch-rate="0.9634146341463414" lines-covered="171" lines-valid="179" branches-covered="79" branches-valid="82" complexity="2.1333333333333333" version="2.1.1" timestamp="1533699386775">
	<sources>
		<source>--source</source>
		<source>/home/luis/mp3-media/src/main/java</source>
		<source>/home/luis/mp3-media/target/generated-sources/annotations</source>
	</sources>
	<packages>
		<package name="ca.media.mp3.adapter" line-rate="0.8461538461538461" branch-rate="1.0" complexity="2.6666666666666665">
			<classes>
				<class name="ca.media.mp3.adapter.ConsolePresenter" filename="ca/media/mp3/adapter/ConsolePresenter.java" line-rate="1.0" branch-rate="1.0" complexity="1.0">
					<methods>
						<method name="&lt;init&gt;" signature="()V" line-rate="1.0" branch-rate="1.0" complexity="0">
							<lines>
								<line number="5" hits="8" branch="false"/>
							</lines>
						</method>
						<method name="display" signature="(Ljava/lang/String;)V" line-rate="1.0" branch-rate="1.0" complexity="0">
							<lines>
								<line number="11" hits="8" branch="false"/>
								<line number="12" hits="8" branch="false"/>
							</lines>
						</method>
					</methods>
					<lines>
						<line number="5" hits="8" branch="false"/>
						<line number="11" hits="8" branch="false"/>
						<line number="12" hits="8" branch="false"/>
					</lines>
				</class>
				<class name="ca.media.mp3.adapter.ID3ReaderFactory" filename="ca/media/mp3/adapter/ID3ReaderFactory.java" line-rate="0.75" branch-rate="1.0" complexity="6.0">
					<methods>
						<method name="&lt;init&gt;" signature="()V" line-rate="1.0" branch-rate="1.0" complexity="0">
							<lines>
								<line number="12" hits="2" branch="false"/>
							</lines>
						</method>
						<method name="makeAnID3Reader" signature="(Ljava/lang/String;)Lca/media/mp3/application/ID3Reader;" line-rate="0.7142857142857143" branch-rate="1.0" complexity="0">
							<lines>
								<line number="16" hits="10" branch="false"/>
								<line number="17" hits="6" branch="false"/>
								<line number="18" hits="6" branch="false"/>
								<line number="19" hits="4" branch="false"/>
								<line number="20" hits="4" branch="false"/>
								<line number="21" hits="0" branch="false"/>
								<line number="22" hits="0" branch="false"/>
							</lines>
						</method>
					</methods>
					<lines>
						<line number="12" hits="2" branch="false"/>
						<line number="16" hits="10" branch="false"/>
						<line number="17" hits="6" branch="false"/>
						<line number="18" hits="6" branch="false"/>
						<line number="19" hits="4" branch="false"/>
						<line number="20" hits="4" branch="false"/>
						<line number="21" hits="0" branch="false"/>
						<line number="22" hits="0" branch="false"/>
					</lines>
				</class>
				<class name="ca.media.mp3.adapter.SimpleFormatter" filename="ca/media/mp3/adapter/SimpleFormatter.java" line-rate="1.0" branch-rate="1.0" complexity="1.0">
					<methods>
						<method name="&lt;init&gt;" signature="()V" line-rate="1.0" branch-rate="1.0" complexity="0">
							<lines>
								<line number="6" hits="6" branch="false"/>
							</lines>
						</method>
						<method name="format" signature="(Lca/media/mp3/entity/ID3V2Tag;)Ljava/lang/String;" line-rate="1.0" branch-rate="1.0" complexity="0">
							<lines>
								<line number="10" hits="4" branch="false"/>
							</lines>
						</method>
					</methods>
					<lines>
						<line number="6" hits="6" branch="false"/>
						<line number="10" hits="4" branch="false"/>
					</lines>
				</class>
			</classes>
		</package>
		<package name="ca.media.mp3.application" line-rate="0.8235294117647058" branch-rate="1.0" complexity="1.8181818181818181">
			<classes>
				<class name="ca.media.mp3.application.ID3Reader" filename="ca/media/mp3/application/ID3Reader.java" line-rate="1.0" branch-rate="1.0" complexity="1.0">
					<methods>
					</methods>
					<lines>
					</lines>
				</class>
				<class name="ca.media.mp3.application.ID3TagFormatter" filename="ca/media/mp3/application/ID3TagFormatter.java" line-rate="1.0" branch-rate="1.0" complexity="1.0">
					<methods>
					</methods>
					<lines>
					</lines>
				</class>
				<class name="ca.media.mp3.application.ID3Tool" filename="ca/media/mp3/application/ID3Tool.java" line-rate="0.8666666666666667" branch-rate="1.0" complexity="2.5">
					<methods>
						<method name="&lt;init&gt;" signature="(Ljava/io/InputStream;)V" line-rate="1.0" branch-rate="1.0" complexity="0">
							<lines>
								<line number="14" hits="14" branch="false"/>
								<line number="15" hits="14" branch="false"/>
								<line number="16" hits="14" branch="false"/>
							</lines>
						</method>
						<method name="checkForValidHeader" signature="()V" line-rate="1.0" branch-rate="1.0" complexity="0">
							<lines>
								<line number="46" hits="12" branch="true" condition-coverage="100% (2/2)">
									<conditions>
										<condition number="0" type="jump" coverage="100%"/>
									</conditions>
								</line>
								<line number="47" hits="6" branch="false"/>
								<line number="49" hits="6" branch="false"/>
							</lines>
						</method>
						<method name="perform" signature="()Lca/media/mp3/entity/ID3V2Tag;" line-rate="1.0" branch-rate="1.0" complexity="0">
							<lines>
								<line number="21" hits="12" branch="false"/>
								<line number="22" hits="6" branch="false"/>
							</lines>
						</method>
						<method name="read" signature="()V" line-rate="1.0" branch-rate="1.0" complexity="0">
							<lines>
								<line number="27" hits="12" branch="false"/>
								<line number="28" hits="12" branch="false"/>
								<line number="29" hits="6" branch="false"/>
								<line number="30" hits="6" branch="false"/>
							</lines>
						</method>
						<method name="readData" signature="()V" line-rate="0.8181818181818182" branch-rate="1.0" complexity="0">
							<lines>
								<line number="53" hits="6" branch="false"/>
								<line number="54" hits="6" branch="false"/>
								<line number="55" hits="6" branch="false"/>
								<line number="56" hits="66" branch="true" condition-coverage="100% (2/2)">
									<conditions>
										<condition number="0" type="jump" coverage="100%"/>
									</conditions>
								</line>
								<line number="57" hits="60" branch="false"/>
								<line number="60" hits="600070" branch="true" condition-coverage="100% (2/2)">
									<conditions>
										<condition number="0" type="jump" coverage="100%"/>
									</conditions>
								</line>
								<line number="62" hits="600064" branch="false"/>
								<line number="63" hits="0" branch="false"/>
								<line number="64" hits="0" branch="false"/>
								<line number="65" hits="600064" branch="false"/>
								<line number="67" hits="6" branch="false"/>
							</lines>
						</method>
						<method name="readHeader" signature="()V" line-rate="0.7142857142857143" branch-rate="1.0" complexity="0">
							<lines>
								<line number="34" hits="12" branch="false"/>
								<line number="35" hits="132" branch="true" condition-coverage="100% (2/2)">
									<conditions>
										<condition number="0" type="jump" coverage="100%"/>
									</conditions>
								</line>
								<line number="37" hits="120" branch="false"/>
								<line number="38" hits="0" branch="false"/>
								<line number="39" hits="0" branch="false"/>
								<line number="40" hits="120" branch="false"/>
								<line number="42" hits="12" branch="false"/>
							</lines>
						</method>
					</methods>
					<lines>
						<line number="14" hits="14" branch="false"/>
						<line number="15" hits="14" branch="false"/>
						<line number="16" hits="14" branch="false"/>
						<line number="21" hits="12" branch="false"/>
						<line number="22" hits="6" branch="false"/>
						<line number="27" hits="12" branch="false"/>
						<line number="28" hits="12" branch="false"/>
						<line number="29" hits="6" branch="false"/>
						<line number="30" hits="6" branch="false"/>
						<line number="34" hits="12" branch="false"/>
						<line number="35" hits="132" branch="true" condition-coverage="100% (2/2)">
							<conditions>
								<condition number="0" type="jump" coverage="100%"/>
							</conditions>
						</line>
						<line number="37" hits="120" branch="false"/>
						<line number="38" hits="0" branch="false"/>
						<line number="39" hits="0" branch="false"/>
						<line number="40" hits="120" branch="false"/>
						<line number="42" hits="12" branch="false"/>
						<line number="46" hits="12" branch="true" condition-coverage="100% (2/2)">
							<conditions>
								<condition number="0" type="jump" coverage="100%"/>
							</conditions>
						</line>
						<line number="47" hits="6" branch="false"/>
						<line number="49" hits="6" branch="false"/>
						<line number="53" hits="6" branch="false"/>
						<line number="54" hits="6" branch="false"/>
						<line number="55" hits="6" branch="false"/>
						<line number="56" hits="66" branch="true" condition-coverage="100% (2/2)">
							<conditions>
								<condition number="0" type="jump" coverage="100%"/>
							</conditions>
						</line>
						<line number="57" hits="60" branch="false"/>
						<line number="60" hits="600070" branch="true" condition-coverage="100% (2/2)">
							<conditions>
								<condition number="0" type="jump" coverage="100%"/>
							</conditions>
						</line>
						<line number="62" hits="600064" branch="false"/>
						<line number="63" hits="0" branch="false"/>
						<line number="64" hits="0" branch="false"/>
						<line number="65" hits="600064" branch="false"/>
						<line number="67" hits="6" branch="false"/>
					</lines>
				</class>
				<class name="ca.media.mp3.application.MP3MediaException" filename="ca/media/mp3/application/MP3MediaException.java" line-rate="0.5" branch-rate="1.0" complexity="1.0">
					<methods>
						<method name="&lt;init&gt;" signature="(Ljava/lang/Exception;)V" line-rate="0.0" branch-rate="1.0" complexity="0">
							<lines>
								<line number="9" hits="0" branch="false"/>
								<line number="10" hits="0" branch="false"/>
							</lines>
						</method>
						<method name="&lt;init&gt;" signature="(Ljava/lang/String;)V" line-rate="1.0" branch-rate="1.0" complexity="0">
							<lines>
								<line number="14" hits="10" branch="false"/>
								<line number="15" hits="10" branch="false"/>
							</lines>
						</method>
					</methods>
					<lines>
						<line number="9" hits="0" branch="false"/>
						<line number="10" hits="0" branch="false"/>
						<line number="14" hits="10" branch="false"/>
						<line number="15" hits="10" branch="false"/>
					</lines>
				</class>
				<class name="ca.media.mp3.application.Presenter" filename="ca/media/mp3/application/Presenter.java" line-rate="1.0" branch-rate="1.0" complexity="1.0">
					<methods>
					</methods>
					<lines>
					</lines>
				</class>
			</classes>
		</package>
		<package name="ca.media.mp3.entity" line-rate="1.0" branch-rate="0.9583333333333334" complexity="0.0">
			<classes>
				<class name="ca.media.mp3.entity.Frame" filename="ca/media/mp3/entity/Frame.java" line-rate="1.0" branch-rate="1.0" complexity="0.0">
					<methods>
						<method name="&lt;init&gt;" signature="([I)V" line-rate="1.0" branch-rate="1.0" complexity="0">
							<lines>
								<line number="13" hits="20" branch="false"/>
								<line number="14" hits="20" branch="false"/>
								<line number="15" hits="20" branch="false"/>
								<line number="16" hits="18" branch="false"/>
								<line number="18" hits="16" branch="false"/>
								<line number="19" hits="16" branch="false"/>
								<line number="20" hits="16" branch="false"/>
							</lines>
						</method>
						<method name="calculateContentSize" signature="([I)I" line-rate="1.0" branch-rate="1.0" complexity="0">
							<lines>
								<line number="83" hits="22" branch="false"/>
								<line number="84" hits="20" branch="false"/>
								<line number="85" hits="12" branch="false"/>
							</lines>
						</method>
						<method name="characterListToString" signature="(Ljava/util/List;)Ljava/lang/String;" line-rate="1.0" branch-rate="1.0" complexity="0">
							<lines>
								<line number="30" hits="32" branch="false"/>
								<line number="32" hits="16" branch="false"/>
								<line number="35" hits="16" branch="false"/>
							</lines>
						</method>
						<method name="checkIfDataIsTooShort" signature="([I)V" line-rate="1.0" branch-rate="1.0" complexity="0">
							<lines>
								<line number="58" hits="60" branch="true" condition-coverage="100% (2/2)">
									<conditions>
										<condition number="0" type="jump" coverage="100%"/>
									</conditions>
								</line>
								<line number="60" hits="4" branch="false"/>
								<line number="63" hits="56" branch="false"/>
							</lines>
						</method>
						<method name="checkIfEncodingIsValid" signature="([I)V" line-rate="1.0" branch-rate="1.0" complexity="0">
							<lines>
								<line number="50" hits="34" branch="true" condition-coverage="100% (4/4)">
									<conditions>
										<condition number="0" type="jump" coverage="100%"/>
										<condition number="1" type="jump" coverage="100%"/>
									</conditions>
								</line>
								<line number="52" hits="2" branch="false"/>
								<line number="54" hits="32" branch="false"/>
							</lines>
						</method>
						<method name="checkIfSizeDescriptorIsValid" signature="([I)V" line-rate="1.0" branch-rate="1.0" complexity="0">
							<lines>
								<line number="67" hits="56" branch="true" condition-coverage="100% (2/2)">
									<conditions>
										<condition number="0" type="jump" coverage="100%"/>
									</conditions>
								</line>
								<line number="69" hits="10" branch="false"/>
								<line number="71" hits="46" branch="false"/>
							</lines>
						</method>
						<method name="getContent" signature="()Ljava/lang/String;" line-rate="1.0" branch-rate="1.0" complexity="0">
							<lines>
								<line number="95" hits="14" branch="false"/>
							</lines>
						</method>
						<method name="getContent" signature="([I)Ljava/lang/String;" line-rate="1.0" branch-rate="1.0" complexity="0">
							<lines>
								<line number="24" hits="16" branch="false"/>
								<line number="25" hits="16" branch="false"/>
							</lines>
						</method>
						<method name="getContentAsACharacterList" signature="([I)Ljava/util/List;" line-rate="1.0" branch-rate="1.0" complexity="0">
							<lines>
								<line number="40" hits="16" branch="false"/>
								<line number="41" hits="80" branch="true" condition-coverage="100% (2/2)">
									<conditions>
										<condition number="0" type="jump" coverage="100%"/>
									</conditions>
								</line>
								<line number="43" hits="64" branch="false"/>
								<line number="45" hits="16" branch="false"/>
							</lines>
						</method>
						<method name="getHeader" signature="()Lca/media/mp3/entity/Frame$Header;" line-rate="1.0" branch-rate="1.0" complexity="0">
							<lines>
								<line number="100" hits="14" branch="false"/>
							</lines>
						</method>
						<method name="isValid" signature="([I)Z" line-rate="1.0" branch-rate="1.0" complexity="0">
							<lines>
								<line number="75" hits="18" branch="false"/>
								<line number="76" hits="16" branch="false"/>
								<line number="77" hits="16" branch="false"/>
								<line number="78" hits="16" branch="false"/>
							</lines>
						</method>
						<method name="lambda$characterListToString$0" signature="(Ljava/lang/Character;)Ljava/lang/String;" line-rate="1.0" branch-rate="1.0" complexity="0">
							<lines>
								<line number="33" hits="80" branch="false"/>
							</lines>
						</method>
						<method name="lambda$characterListToString$1" signature="(Ljava/lang/String;Ljava/lang/String;)Ljava/lang/String;" line-rate="1.0" branch-rate="1.0" complexity="0">
							<lines>
								<line number="34" hits="66" branch="false"/>
							</lines>
						</method>
						<method name="toString" signature="()Ljava/lang/String;" line-rate="1.0" branch-rate="1.0" complexity="0">
							<lines>
								<line number="90" hits="14" branch="false"/>
							</lines>
						</method>
					</methods>
					<lines>
						<line number="13" hits="20" branch="false"/>
						<line number="14" hits="20" branch="false"/>
						<line number="15" hits="20" branch="false"/>
						<line number="16" hits="18" branch="false"/>
						<line number="18" hits="16" branch="false"/>
						<line number="19" hits="16" branch="false"/>
						<line number="20" hits="16" branch="false"/>
						<line number="24" hits="16" branch="false"/>
						<line number="25" hits="16" branch="false"/>
						<line number="30" hits="32" branch="false"/>
						<line number="32" hits="16" branch="false"/>
						<line number="33" hits="80" branch="false"/>
						<line number="34" hits="66" branch="false"/>
						<line number="35" hits="16" branch="false"/>
						<line number="40" hits="16" branch="false"/>
						<line number="41" hits="80" branch="true" condition-coverage="100% (2/2)">
							<conditions>
								<condition number="0" type="jump" coverage="100%"/>
							</conditions>
						</line>
						<line number="43" hits="64" branch="false"/>
						<line number="45" hits="16" branch="false"/>
						<line number="50" hits="34" branch="true" condition-coverage="100% (4/4)">
							<conditions>
								<condition number="0" type="jump" coverage="100%"/>
								<condition number="1" type="jump" coverage="100%"/>
							</conditions>
						</line>
						<line number="52" hits="2" branch="false"/>
						<line number="54" hits="32" branch="false"/>
						<line number="58" hits="60" branch="true" condition-coverage="100% (2/2)">
							<conditions>
								<condition number="0" type="jump" coverage="100%"/>
							</conditions>
						</line>
						<line number="60" hits="4" branch="false"/>
						<line number="63" hits="56" branch="false"/>
						<line number="67" hits="56" branch="true" condition-coverage="100% (2/2)">
							<conditions>
								<condition number="0" type="jump" coverage="100%"/>
							</conditions>
						</line>
						<line number="69" hits="10" branch="false"/>
						<line number="71" hits="46" branch="false"/>
						<line number="75" hits="18" branch="false"/>
						<line number="76" hits="16" branch="false"/>
						<line number="77" hits="16" branch="false"/>
						<line number="78" hits="16" branch="false"/>
						<line number="83" hits="22" branch="false"/>
						<line number="84" hits="20" branch="false"/>
						<line number="85" hits="12" branch="false"/>
						<line number="90" hits="14" branch="false"/>
						<line number="95" hits="14" branch="false"/>
						<line number="100" hits="14" branch="false"/>
					</lines>
				</class>
				<class name="ca.media.mp3.entity.Frame$Header" filename="ca/media/mp3/entity/Frame.java" line-rate="1.0" branch-rate="0.8125" complexity="0.0">
					<methods>
						<method name="&lt;init&gt;" signature="([I)V" line-rate="1.0" branch-rate="1.0" complexity="0">
							<lines>
								<line number="112" hits="16" branch="false"/>
								<line number="113" hits="16" branch="false"/>
								<line number="114" hits="16" branch="false"/>
								<line number="115" hits="16" branch="false"/>
								<line number="116" hits="16" branch="false"/>
								<line number="117" hits="16" branch="false"/>
							</lines>
						</method>
						<method name="calculateContentSize" signature="([I)I" line-rate="1.0" branch-rate="1.0" complexity="0">
							<lines>
								<line number="139" hits="56" branch="false"/>
								<line number="140" hits="28" branch="false"/>
								<line number="141" hits="28" branch="false"/>
							</lines>
						</method>
						<method name="getContentSize" signature="()I" line-rate="1.0" branch-rate="1.0" complexity="0">
							<lines>
								<line number="153" hits="14" branch="false"/>
							</lines>
						</method>
						<method name="getFirstFlag" signature="()I" line-rate="1.0" branch-rate="1.0" complexity="0">
							<lines>
								<line number="158" hits="14" branch="false"/>
							</lines>
						</method>
						<method name="getId" signature="()Ljava/lang/String;" line-rate="1.0" branch-rate="1.0" complexity="0">
							<lines>
								<line number="148" hits="14" branch="false"/>
							</lines>
						</method>
						<method name="getSecondFlag" signature="()I" line-rate="1.0" branch-rate="1.0" complexity="0">
							<lines>
								<line number="163" hits="14" branch="false"/>
							</lines>
						</method>
						<method name="isSizeDescriptorValid" signature="([I)Z" line-rate="1.0" branch-rate="1.0" complexity="0">
							<lines>
								<line number="121" hits="56" branch="true" condition-coverage="100% (8/8)">
									<conditions>
										<condition number="0" type="jump" coverage="100%"/>
										<condition number="1" type="jump" coverage="100%"/>
										<condition number="2" type="jump" coverage="100%"/>
										<condition number="3" type="jump" coverage="100%"/>
									</conditions>
								</line>
							</lines>
						</method>
						<method name="isValidID" signature="([I)Z" line-rate="1.0" branch-rate="0.625" complexity="0">
							<lines>
								<line number="130" hits="16" branch="true" condition-coverage="62% (5/8)">
									<conditions>
										<condition number="0" type="jump" coverage="100%"/>
										<condition number="1" type="jump" coverage="50%"/>
										<condition number="2" type="jump" coverage="50%"/>
										<condition number="3" type="jump" coverage="50%"/>
									</conditions>
								</line>
							</lines>
						</method>
						<method name="toString" signature="()Ljava/lang/String;" line-rate="1.0" branch-rate="1.0" complexity="0">
							<lines>
								<line number="168" hits="14" branch="false"/>
								<line number="169" hits="14" branch="false"/>
							</lines>
						</method>
					</methods>
					<lines>
						<line number="112" hits="16" branch="false"/>
						<line number="113" hits="16" branch="false"/>
						<line number="114" hits="16" branch="false"/>
						<line number="115" hits="16" branch="false"/>
						<line number="116" hits="16" branch="false"/>
						<line number="117" hits="16" branch="false"/>
						<line number="121" hits="56" branch="true" condition-coverage="100% (8/8)">
							<conditions>
								<condition number="0" type="jump" coverage="100%"/>
								<condition number="1" type="jump" coverage="100%"/>
								<condition number="2" type="jump" coverage="100%"/>
								<condition number="3" type="jump" coverage="100%"/>
							</conditions>
						</line>
						<line number="130" hits="16" branch="true" condition-coverage="62% (5/8)">
							<conditions>
								<condition number="0" type="jump" coverage="100%"/>
								<condition number="1" type="jump" coverage="50%"/>
								<condition number="2" type="jump" coverage="50%"/>
								<condition number="3" type="jump" coverage="50%"/>
							</conditions>
						</line>
						<line number="139" hits="56" branch="false"/>
						<line number="140" hits="28" branch="false"/>
						<line number="141" hits="28" branch="false"/>
						<line number="148" hits="14" branch="false"/>
						<line number="153" hits="14" branch="false"/>
						<line number="158" hits="14" branch="false"/>
						<line number="163" hits="14" branch="false"/>
						<line number="168" hits="14" branch="false"/>
						<line number="169" hits="14" branch="false"/>
					</lines>
				</class>
				<class name="ca.media.mp3.entity.ID3V2Tag" filename="ca/media/mp3/entity/ID3V2Tag.java" line-rate="1.0" branch-rate="1.0" complexity="0.0">
					<methods>
						<method name="&lt;init&gt;" signature="([I)V" line-rate="1.0" branch-rate="1.0" complexity="0">
							<lines>
								<line number="14" hits="34" branch="false"/>
								<line number="15" hits="34" branch="false"/>
								<line number="17" hits="26" branch="false"/>
								<line number="18" hits="26" branch="false"/>
								<line number="19" hits="26" branch="false"/>
							</lines>
						</method>
						<method name="buildFrameList" signature="([I)Ljava/util/List;" line-rate="1.0" branch-rate="1.0" complexity="0">
							<lines>
								<line number="23" hits="26" branch="false"/>
								<line number="24" hits="26" branch="false"/>
								<line number="25" hits="26" branch="false"/>
								<line number="26" hits="38" branch="true" condition-coverage="100% (4/4)">
									<conditions>
										<condition number="0" type="jump" coverage="100%"/>
										<condition number="1" type="jump" coverage="100%"/>
									</conditions>
								</line>
								<line number="27" hits="14" branch="false"/>
								<line number="28" hits="14" branch="true" condition-coverage="100% (2/2)">
									<conditions>
										<condition number="0" type="jump" coverage="100%"/>
									</conditions>
								</line>
								<line number="29" hits="2" branch="false"/>
								<line number="31" hits="12" branch="false"/>
								<line number="32" hits="12" branch="false"/>
								<line number="33" hits="12" branch="false"/>
								<line number="34" hits="12" branch="false"/>
								<line number="35" hits="12" branch="false"/>
								<line number="36" hits="26" branch="false"/>
							</lines>
						</method>
						<method name="calculateTagSize" signature="([I)I" line-rate="1.0" branch-rate="1.0" complexity="0">
							<lines>
								<line number="41" hits="18" branch="false"/>
								<line number="42" hits="16" branch="false"/>
								<line number="44" hits="8" branch="false"/>
							</lines>
						</method>
						<method name="checkIfDataIsTooShort" signature="([I)V" line-rate="1.0" branch-rate="1.0" complexity="0">
							<lines>
								<line number="71" hits="88" branch="true" condition-coverage="100% (2/2)">
									<conditions>
										<condition number="0" type="jump" coverage="100%"/>
									</conditions>
								</line>
								<line number="72" hits="6" branch="false"/>
								<line number="74" hits="82" branch="false"/>
							</lines>
						</method>
						<method name="checkIfID3TagIsValid" signature="([I)V" line-rate="1.0" branch-rate="1.0" complexity="0">
							<lines>
								<line number="56" hits="34" branch="true" condition-coverage="100% (2/2)">
									<conditions>
										<condition number="0" type="jump" coverage="100%"/>
									</conditions>
								</line>
								<line number="57" hits="6" branch="false"/>
								<line number="59" hits="26" branch="false"/>
							</lines>
						</method>
						<method name="checkIfSizeDescriptorsAreValid" signature="([I)V" line-rate="1.0" branch-rate="1.0" complexity="0">
							<lines>
								<line number="63" hits="16" branch="true" condition-coverage="100% (2/2)">
									<conditions>
										<condition number="0" type="jump" coverage="100%"/>
									</conditions>
								</line>
								<line number="65" hits="8" branch="false"/>
								<line number="67" hits="8" branch="false"/>
							</lines>
						</method>
						<method name="experimental" signature="()Z" line-rate="1.0" branch-rate="1.0" complexity="0">
							<lines>
								<line number="98" hits="4" branch="false"/>
							</lines>
						</method>
						<method name="extendedHeader" signature="()Z" line-rate="1.0" branch-rate="1.0" complexity="0">
							<lines>
								<line number="93" hits="4" branch="false"/>
							</lines>
						</method>
						<method name="isAnID3V2tag" signature="([I)Z" line-rate="1.0" branch-rate="1.0" complexity="0">
							<lines>
								<line number="49" hits="70" branch="false"/>
								<line number="51" hits="66" branch="false"/>
							</lines>
						</method>
						<method name="lambda$toString$0" signature="(Lca/media/mp3/entity/Frame;)Ljava/lang/String;" line-rate="1.0" branch-rate="1.0" complexity="0">
							<lines>
								<line number="114" hits="20" branch="false"/>
							</lines>
						</method>
						<method name="lambda$toString$1" signature="(Ljava/lang/String;Ljava/lang/String;)Ljava/lang/String;" line-rate="1.0" branch-rate="1.0" complexity="0">
							<lines>
								<line number="115" hits="18" branch="false"/>
							</lines>
						</method>
						<method name="majorVersion" signature="()I" line-rate="1.0" branch-rate="1.0" complexity="0">
							<lines>
								<line number="78" hits="2" branch="false"/>
							</lines>
						</method>
						<method name="revisionNumber" signature="()I" line-rate="1.0" branch-rate="1.0" complexity="0">
							<lines>
								<line number="83" hits="2" branch="false"/>
							</lines>
						</method>
						<method name="size" signature="()I" line-rate="1.0" branch-rate="1.0" complexity="0">
							<lines>
								<line number="103" hits="2" branch="false"/>
							</lines>
						</method>
						<method name="toString" signature="()Ljava/lang/String;" line-rate="1.0" branch-rate="1.0" complexity="0">
							<lines>
								<line number="109" hits="16" branch="false"/>
								<line number="110" hits="8" branch="false"/>
								<line number="111" hits="8" branch="false"/>
								<line number="113" hits="8" branch="false"/>
								<line number="116" hits="8" branch="false"/>
							</lines>
						</method>
						<method name="unsynchronisation" signature="()Z" line-rate="1.0" branch-rate="1.0" complexity="0">
							<lines>
								<line number="88" hits="4" branch="false"/>
							</lines>
						</method>
					</methods>
					<lines>
						<line number="14" hits="34" branch="false"/>
						<line number="15" hits="34" branch="false"/>
						<line number="17" hits="26" branch="false"/>
						<line number="18" hits="26" branch="false"/>
						<line number="19" hits="26" branch="false"/>
						<line number="23" hits="26" branch="false"/>
						<line number="24" hits="26" branch="false"/>
						<line number="25" hits="26" branch="false"/>
						<line number="26" hits="38" branch="true" condition-coverage="100% (4/4)">
							<conditions>
								<condition number="0" type="jump" coverage="100%"/>
								<condition number="1" type="jump" coverage="100%"/>
							</conditions>
						</line>
						<line number="27" hits="14" branch="false"/>
						<line number="28" hits="14" branch="true" condition-coverage="100% (2/2)">
							<conditions>
								<condition number="0" type="jump" coverage="100%"/>
							</conditions>
						</line>
						<line number="29" hits="2" branch="false"/>
						<line number="31" hits="12" branch="false"/>
						<line number="32" hits="12" branch="false"/>
						<line number="33" hits="12" branch="false"/>
						<line number="34" hits="12" branch="false"/>
						<line number="35" hits="12" branch="false"/>
						<line number="36" hits="26" branch="false"/>
						<line number="41" hits="18" branch="false"/>
						<line number="42" hits="16" branch="false"/>
						<line number="44" hits="8" branch="false"/>
						<line number="49" hits="70" branch="false"/>
						<line number="51" hits="66" branch="false"/>
						<line number="56" hits="34" branch="true" condition-coverage="100% (2/2)">
							<conditions>
								<condition number="0" type="jump" coverage="100%"/>
							</conditions>
						</line>
						<line number="57" hits="6" branch="false"/>
						<line number="59" hits="26" branch="false"/>
						<line number="63" hits="16" branch="true" condition-coverage="100% (2/2)">
							<conditions>
								<condition number="0" type="jump" coverage="100%"/>
							</conditions>
						</line>
						<line number="65" hits="8" branch="false"/>
						<line number="67" hits="8" branch="false"/>
						<line number="71" hits="88" branch="true" condition-coverage="100% (2/2)">
							<conditions>
								<condition number="0" type="jump" coverage="100%"/>
							</conditions>
						</line>
						<line number="72" hits="6" branch="false"/>
						<line number="74" hits="82" branch="false"/>
						<line number="78" hits="2" branch="false"/>
						<line number="83" hits="2" branch="false"/>
						<line number="88" hits="4" branch="false"/>
						<line number="93" hits="4" branch="false"/>
						<line number="98" hits="4" branch="false"/>
						<line number="103" hits="2" branch="false"/>
						<line number="109" hits="16" branch="false"/>
						<line number="110" hits="8" branch="false"/>
						<line number="111" hits="8" branch="false"/>
						<line number="113" hits="8" branch="false"/>
						<line number="114" hits="20" branch="false"/>
						<line number="115" hits="18" branch="false"/>
						<line number="116" hits="8" branch="false"/>
					</lines>
				</class>
				<class name="ca.media.mp3.entity.ID3V2Tag$Header" filename="ca/media/mp3/entity/ID3V2Tag.java" line-rate="1.0" branch-rate="1.0" complexity="0.0">
					<methods>
						<method name="&lt;init&gt;" signature="([I)V" line-rate="1.0" branch-rate="1.0" complexity="0">
							<lines>
								<line number="137" hits="26" branch="false"/>
								<line number="138" hits="26" branch="false"/>
								<line number="139" hits="26" branch="false"/>
								<line number="140" hits="26" branch="false"/>
								<line number="141" hits="26" branch="false"/>
								<line number="142" hits="26" branch="false"/>
							</lines>
						</method>
						<method name="access$000" signature="([I)Z" line-rate="1.0" branch-rate="1.0" complexity="0">
							<lines>
								<line number="119" hits="66" branch="false"/>
							</lines>
						</method>
						<method name="areSizeDescriptorsValid" signature="([I)Z" line-rate="1.0" branch-rate="1.0" complexity="0">
							<lines>
								<line number="170" hits="16" branch="true" condition-coverage="100% (8/8)">
									<conditions>
										<condition number="0" type="jump" coverage="100%"/>
										<condition number="1" type="jump" coverage="100%"/>
										<condition number="2" type="jump" coverage="100%"/>
										<condition number="3" type="jump" coverage="100%"/>
									</conditions>
								</line>
							</lines>
						</method>
						<method name="calculateSize" signature="([I)I" line-rate="1.0" branch-rate="1.0" complexity="0">
							<lines>
								<line number="161" hits="68" branch="false"/>
								<line number="162" hits="34" branch="false"/>
								<line number="163" hits="34" branch="false"/>
							</lines>
						</method>
						<method name="getMajorVersion" signature="()I" line-rate="1.0" branch-rate="1.0" complexity="0">
							<lines>
								<line number="179" hits="2" branch="false"/>
							</lines>
						</method>
						<method name="getRevisionNumber" signature="()I" line-rate="1.0" branch-rate="1.0" complexity="0">
							<lines>
								<line number="184" hits="2" branch="false"/>
							</lines>
						</method>
						<method name="getSize" signature="()I" line-rate="1.0" branch-rate="1.0" complexity="0">
							<lines>
								<line number="204" hits="28" branch="false"/>
							</lines>
						</method>
						<method name="hasAnExtendedHeader" signature="()Z" line-rate="1.0" branch-rate="1.0" complexity="0">
							<lines>
								<line number="194" hits="4" branch="true" condition-coverage="100% (2/2)">
									<conditions>
										<condition number="0" type="jump" coverage="100%"/>
									</conditions>
								</line>
							</lines>
						</method>
						<method name="isATagPattern" signature="([I)Z" line-rate="1.0" branch-rate="1.0" complexity="0">
							<lines>
								<line number="146" hits="66" branch="true" condition-coverage="100% (20/20)">
									<conditions>
										<condition number="0" type="jump" coverage="100%"/>
										<condition number="1" type="jump" coverage="100%"/>
										<condition number="2" type="jump" coverage="100%"/>
										<condition number="3" type="jump" coverage="100%"/>
										<condition number="4" type="jump" coverage="100%"/>
										<condition number="5" type="jump" coverage="100%"/>
										<condition number="6" type="jump" coverage="100%"/>
										<condition number="7" type="jump" coverage="100%"/>
										<condition number="8" type="jump" coverage="100%"/>
										<condition number="9" type="jump" coverage="100%"/>
									</conditions>
								</line>
							</lines>
						</method>
						<method name="isExperimental" signature="()Z" line-rate="1.0" branch-rate="1.0" complexity="0">
							<lines>
								<line number="199" hits="4" branch="true" condition-coverage="100% (2/2)">
									<conditions>
										<condition number="0" type="jump" coverage="100%"/>
									</conditions>
								</line>
							</lines>
						</method>
						<method name="isUnsynchronized" signature="()Z" line-rate="1.0" branch-rate="1.0" complexity="0">
							<lines>
								<line number="189" hits="4" branch="true" condition-coverage="100% (2/2)">
									<conditions>
										<condition number="0" type="jump" coverage="100%"/>
									</conditions>
								</line>
							</lines>
						</method>
						<method name="toString" signature="()Ljava/lang/String;" line-rate="1.0" branch-rate="1.0" complexity="0">
							<lines>
								<line number="209" hits="16" branch="false"/>
								<line number="210" hits="8" branch="false"/>
								<line number="212" hits="8" branch="false"/>
							</lines>
						</method>
					</methods>
					<lines>
						<line number="119" hits="66" branch="false"/>
						<line number="137" hits="26" branch="false"/>
						<line number="138" hits="26" branch="false"/>
						<line number="139" hits="26" branch="false"/>
						<line number="140" hits="26" branch="false"/>
						<line number="141" hits="26" branch="false"/>
						<line number="142" hits="26" branch="false"/>
						<line number="146" hits="66" branch="true" condition-coverage="100% (20/20)">
							<conditions>
								<condition number="0" type="jump" coverage="100%"/>
								<condition number="1" type="jump" coverage="100%"/>
								<condition number="2" type="jump" coverage="100%"/>
								<condition number="3" type="jump" coverage="100%"/>
								<condition number="4" type="jump" coverage="100%"/>
								<condition number="5" type="jump" coverage="100%"/>
								<condition number="6" type="jump" coverage="100%"/>
								<condition number="7" type="jump" coverage="100%"/>
								<condition number="8" type="jump" coverage="100%"/>
								<condition number="9" type="jump" coverage="100%"/>
							</conditions>
						</line>
						<line number="161" hits="68" branch="false"/>
						<line number="162" hits="34" branch="false"/>
						<line number="163" hits="34" branch="false"/>
						<line number="170" hits="16" branch="true" condition-coverage="100% (8/8)">
							<conditions>
								<condition number="0" type="jump" coverage="100%"/>
								<condition number="1" type="jump" coverage="100%"/>
								<condition number="2" type="jump" coverage="100%"/>
								<condition number="3" type="jump" coverage="100%"/>
							</conditions>
						</line>
						<line number="179" hits="2" branch="false"/>
						<line number="184" hits="2" branch="false"/>
						<line number="189" hits="4" branch="true" condition-coverage="100% (2/2)">
							<conditions>
								<condition number="0" type="jump" coverage="100%"/>
							</conditions>
						</line>
						<line number="194" hits="4" branch="true" condition-coverage="100% (2/2)">
							<conditions>
								<condition number="0" type="jump" coverage="100%"/>
							</conditions>
						</line>
						<line number="199" hits="4" branch="true" condition-coverage="100% (2/2)">
							<conditions>
								<condition number="0" type="jump" coverage="100%"/>
							</conditions>
						</line>
						<line number="204" hits="28" branch="false"/>
						<line number="209" hits="16" branch="false"/>
						<line number="210" hits="8" branch="false"/>
						<line number="212" hits="8" branch="false"/>
					</lines>
				</class>
			</classes>
		</package>
		<package name="ca.media.mp3.id3main" line-rate="1.0" branch-rate="1.0" complexity="4.0">
			<classes>
				<class name="ca.media.mp3.id3main.ID3ToolMain" filename="ca/media/mp3/id3main/ID3ToolMain.java" line-rate="1.0" branch-rate="1.0" complexity="4.0">
					<methods>
						<method name="&lt;init&gt;" signature="()V" line-rate="1.0" branch-rate="1.0" complexity="0">
							<lines>
								<line number="11" hits="2" branch="false"/>
							</lines>
						</method>
						<method name="main" signature="([Ljava/lang/String;)V" line-rate="1.0" branch-rate="1.0" complexity="0">
							<lines>
								<line number="14" hits="8" branch="false"/>
								<line number="15" hits="8" branch="true" condition-coverage="100% (2/2)">
									<conditions>
										<condition number="0" type="jump" coverage="100%"/>
									</conditions>
								</line>
								<line number="16" hits="2" branch="false"/>
								<line number="17" hits="2" branch="false"/>
								<line number="21" hits="6" branch="false"/>
								<line number="22" hits="4" branch="false"/>
								<line number="23" hits="4" branch="false"/>
								<line number="24" hits="4" branch="false"/>
								<line number="25" hits="4" branch="false"/>
								<line number="26" hits="2" branch="false"/>
								<line number="27" hits="6" branch="false"/>
							</lines>
						</method>
					</methods>
					<lines>
						<line number="11" hits="2" branch="false"/>
						<line number="14" hits="8" branch="false"/>
						<line number="15" hits="8" branch="true" condition-coverage="100% (2/2)">
							<conditions>
								<condition number="0" type="jump" coverage="100%"/>
							</conditions>
						</line>
						<line number="16" hits="2" branch="false"/>
						<line number="17" hits="2" branch="false"/>
						<line number="21" hits="6" branch="false"/>
						<line number="22" hits="4" branch="false"/>
						<line number="23" hits="4" branch="false"/>
						<line number="24" hits="4" branch="false"/>
						<line number="25" hits="4" branch="false"/>
						<line number="26" hits="2" branch="false"/>
						<line number="27" hits="6" branch="false"/>
					</lines>
				</class>
			</classes>
		</package>
	</packages>
</coverage>
