<?xml version="1.0" encoding="UTF-8"?>
<!-- Generated by org.testng.reporters.JUnitXMLReporter -->
<testsuite hostname="WIN-Server" name="adapter test" tests="4" failures="0" timestamp="8 Aug 2018 05:32:59 GMT" time="0.005" errors="0">
  <testcase name="tagToStringWithNonNullParameter" time="0.001" classname="ca.media.mp3.adapter.SimplePresenterTest"/>
  <testcase name="checkFileNotFound" time="0.001" classname="ca.media.mp3.adapter.ID3ReaderFactoryTest"/>
  <testcase name="instantiateAFactory" time="0.0" classname="ca.media.mp3.adapter.ID3ReaderFactoryTest"/>
  <testcase name="returnAReader" time="0.001" classname="ca.media.mp3.adapter.ID3ReaderFactoryTest"/>
</testsuite> <!-- adapter test -->
