<?xml version="1.0" encoding="UTF-8"?>
<!-- Generated by org.testng.reporters.JUnitXMLReporter -->
<testsuite hostname="WIN-Server" name="entity test" tests="42" failures="0" timestamp="8 Aug 2018 05:32:59 GMT" time="0.102" errors="0">
  <testcase name="arrayIsTooSmall" time="0.008" classname="ca.media.mp3.entity.ID3V2TagTest"/>
  <testcase name="calculateTagSizeOnAValidArray" time="0.002" classname="ca.media.mp3.entity.ID3V2TagTest"/>
  <testcase name="calculateTagSizeOnArrayWithLessBytesThanHeaderSize" time="0.001" classname="ca.media.mp3.entity.ID3V2TagTest"/>
  <testcase name="calculateTagSizeOnArrayWithOneOrMoreByteSizeMoreThan0x7F" time="0.0" classname="ca.media.mp3.entity.ID3V2TagTest"/>
  <testcase name="calculateTagSizeOnArrayWithOneOrMoreByteSizeMoreThan0x7F" time="0.001" classname="ca.media.mp3.entity.ID3V2TagTest"/>
  <testcase name="calculateTagSizeOnArrayWithOneOrMoreByteSizeMoreThan0x7F" time="0.0" classname="ca.media.mp3.entity.ID3V2TagTest"/>
  <testcase name="calculateTagSizeOnArrayWithOneOrMoreByteSizeMoreThan0x7F" time="0.001" classname="ca.media.mp3.entity.ID3V2TagTest"/>
  <testcase name="firstByteIsNot49" time="0.0" classname="ca.media.mp3.entity.ID3V2TagTest"/>
  <testcase name="isAnID3V2tagReceivesATooShortArray" time="0.001" classname="ca.media.mp3.entity.ID3V2TagTest"/>
  <testcase name="itDoesNotHaveExtendedHeader" time="0.002" classname="ca.media.mp3.entity.ID3V2TagTest"/>
  <testcase name="itHasExtendedHeader" time="0.001" classname="ca.media.mp3.entity.ID3V2TagTest"/>
  <testcase name="itIsAnID3V2Tag" time="0.001" classname="ca.media.mp3.entity.ID3V2TagTest"/>
  <testcase name="itIsAnID3V2Tag" time="0.001" classname="ca.media.mp3.entity.ID3V2TagTest"/>
  <testcase name="itIsAnID3V2Tag" time="0.001" classname="ca.media.mp3.entity.ID3V2TagTest"/>
  <testcase name="itIsAnID3V2Tag" time="0.0" classname="ca.media.mp3.entity.ID3V2TagTest"/>
  <testcase name="itIsAnID3V2Tag" time="0.0" classname="ca.media.mp3.entity.ID3V2TagTest"/>
  <testcase name="itIsAnID3V2Tag" time="0.0" classname="ca.media.mp3.entity.ID3V2TagTest"/>
  <testcase name="itIsAnID3V2Tag" time="0.001" classname="ca.media.mp3.entity.ID3V2TagTest"/>
  <testcase name="itIsAnID3V2Tag" time="0.001" classname="ca.media.mp3.entity.ID3V2TagTest"/>
  <testcase name="itIsAnID3V2Tag" time="0.0" classname="ca.media.mp3.entity.ID3V2TagTest"/>
  <testcase name="itIsAnID3V2Tag" time="0.0" classname="ca.media.mp3.entity.ID3V2TagTest"/>
  <testcase name="itIsAnID3V2Tag" time="0.001" classname="ca.media.mp3.entity.ID3V2TagTest"/>
  <testcase name="itIsExperimental" time="0.0" classname="ca.media.mp3.entity.ID3V2TagTest"/>
  <testcase name="itIsNotExperimental" time="0.0" classname="ca.media.mp3.entity.ID3V2TagTest"/>
  <testcase name="itIsNotUnsynchronisation" time="0.0" classname="ca.media.mp3.entity.ID3V2TagTest"/>
  <testcase name="itIsUnsynchronisation" time="0.0" classname="ca.media.mp3.entity.ID3V2TagTest"/>
  <testcase name="majorVersionIs3" time="0.0" classname="ca.media.mp3.entity.ID3V2TagTest"/>
  <testcase name="revisionNumberIs0" time="0.001" classname="ca.media.mp3.entity.ID3V2TagTest"/>
  <testcase name="secondByteIsNot44" time="0.001" classname="ca.media.mp3.entity.ID3V2TagTest"/>
  <testcase name="sizeaIs257" time="0.001" classname="ca.media.mp3.entity.ID3V2TagTest"/>
  <testcase name="thirdByteIsNot33" time="0.0" classname="ca.media.mp3.entity.ID3V2TagTest"/>
  <testcase name="aTooShortArrayIsNotAFrame" time="0.001" classname="ca.media.mp3.entity.FrameTest"/>
  <testcase name="calculateSizeOnEmptyArray" time="0.001" classname="ca.media.mp3.entity.FrameTest"/>
  <testcase name="calculateSizeOnInvalidArray" time="0.0" classname="ca.media.mp3.entity.FrameTest"/>
  <testcase name="calculateSizeOnInvalidArray" time="0.0" classname="ca.media.mp3.entity.FrameTest"/>
  <testcase name="calculateSizeOnInvalidArray" time="0.0" classname="ca.media.mp3.entity.FrameTest"/>
  <testcase name="calculateSizeOnInvalidArray" time="0.0" classname="ca.media.mp3.entity.FrameTest"/>
  <testcase name="constructorReceivesAValidFrameArray" time="0.037" classname="ca.media.mp3.entity.FrameTest"/>
  <testcase name="constructorReceivesAnInvalidFrameArray" time="0.0" classname="ca.media.mp3.entity.FrameTest"/>
  <testcase name="frameToString" time="0.001" classname="ca.media.mp3.entity.FrameTest"/>
  <testcase name="receivesAnInvalidEncodingByte" time="0.0" classname="ca.media.mp3.entity.FrameTest"/>
  <testcase name="thisArrayIsAValidFrame" time="0.0" classname="ca.media.mp3.entity.FrameTest"/>
</testsuite> <!-- entity test -->
