<?xml version="1.0" encoding="UTF-8"?>
<!-- Generated by org.testng.reporters.JUnitXMLReporter -->
<testsuite hostname="WIN-Server" name="main test" tests="5" failures="0" timestamp="8 Aug 2018 05:32:59 GMT" time="0.015" errors="0">
  <testcase name="emptyParameters" time="0.001" classname="ca.media.mp3.id3main.ID3ToolMainTest"/>
  <testcase name="fileNameWasFoundAndProcessed" time="0.009" classname="ca.media.mp3.id3main.ID3ToolMainTest"/>
  <testcase name="fileNameWasFoundButItWasNotAMP3File" time="0.001" classname="ca.media.mp3.id3main.ID3ToolMainTest"/>
  <testcase name="fileNameWasNotFound" time="0.001" classname="ca.media.mp3.id3main.ID3ToolMainTest"/>
  <testcase name="usingTheConstructorJustForCoverage" time="0.001" classname="ca.media.mp3.id3main.ID3ToolMainTest"/>
</testsuite> <!-- main test -->
